Arguments: 
  /opt/homebrew/Cellar/node/21.1.0/bin/node /opt/homebrew/bin/yarn install

PATH: 
  /Library/Frameworks/Python.framework/Versions/3.11/bin:/opt/homebrew/bin:/opt/homebrew/sbin:/usr/local/bin:/System/Cryptexes/App/usr/bin:/usr/bin:/bin:/usr/sbin:/sbin:/Library/Apple/usr/bin:/Library/Frameworks/Python.framework/Versions/3.11/bin:/opt/homebrew/bin:/opt/homebrew/sbin:/Users/couttolencerivan/Library/Android/sdk/emulator:/Users/couttolencerivan/Library/Android/sdk/platform-tools:/Users/couttolencerivan/flutter/bin:/Users/couttolencerivan/Library/Android/sdk/emulator:/Users/couttolencerivan/Library/Android/sdk/platform-tools:/Users/couttolencerivan/flutter/bin:/Users/couttolencerivan/Library/Android/sdk/emulator:/Users/couttolencerivan/Library/Android/sdk/platform-tools

Yarn version: 
  1.22.19

Node version: 
  21.1.0

Platform: 
  darwin arm64

Trace: 
  Error: ENOENT: no such file or directory, lstat '/Users/couttolencerivan/PartySearch/PartyFinder/node_modules/@react-native-community/cli/node_modules'

npm manifest: 
  {
    "name": "partyfinder",
    "version": "1.0.0",
    "main": "node_modules/expo/AppEntry.js",
    "scripts": {
      "start": "expo start",
      "android": "expo start --android",
      "ios": "expo start --ios",
      "web": "expo start --web"
    },
    "dependencies": {
      "@react-native-async-storage/async-storage": "^1.19.3",
      "@react-native-community/datetimepicker": "7.2.0",
      "@react-native-masked-view/masked-view": "^0.2.9",
      "@react-navigation/bottom-tabs": "^6.5.8",
      "@react-navigation/native": "^6.1.7",
      "@react-navigation/native-stack": "^6.9.13",
      "@react-navigation/stack": "^6.3.17",
      "@stripe/stripe-react-native": "^0.30.0",
      "expo": "~49.0.8",
      "expo-blur": "~12.4.1",
      "expo-device": "~5.4.0",
      "expo-font": "~11.4.0",
      "expo-image-picker": "~14.3.2",
      "expo-notifications": "~0.20.1",
      "expo-print": "~12.4.2",
      "expo-sharing": "~11.5.0",
      "expo-splash-screen": "~0.20.5",
      "expo-status-bar": "~1.6.0",
      "expo-updates": "~0.18.12",
      "firebase": "^10.3.0",
      "nativewind": "^2.0.11",
      "react": "18.2.0",
      "react-native": "0.72.4",
      "react-native-gesture-handler": "~2.12.0",
      "react-native-maps": "1.7.1",
      "react-native-safe-area-context": "4.6.3",
      "react-native-screens": "~3.22.0",
      "react-native-wind": "^1.2.0"
    },
    "devDependencies": {
      "@babel/core": "^7.20.0",
      "tailwindcss": "3.3.2"
    },
    "private": true
  }

yarn manifest: 
  No manifest

Lockfile: 
  No lockfile
